-------------------------------------------------------------------------------
Test set: demoQA.TestMainUpload
-------------------------------------------------------------------------------
Tests run: 1, Failures: 1, Errors: 0, Skipped: 0, Time elapsed: 3.411 s <<< FAILURE! - in demoQA.TestMainUpload
testUpload  Time elapsed: 3.403 s  <<< FAILURE!
org.opentest4j.AssertionFailedError: Actual result is not the same as expected ==> expected: <Thanks, you have selected /home/edi/IdeaProjects/Maven_Java_Selenium/image.png file to Upload> but was: <C:\fakepath\image.png>
	at demoQA.TestMainUpload.testUpload(TestMainUpload.java:25)

