-------------------------------------------------------------------------------
Test set: demoQA.TestMainUpload
-------------------------------------------------------------------------------
Tests run: 1, Failures: 1, Errors: 0, Skipped: 0, Time elapsed: 21.051 s <<< FAILURE! - in demoQA.TestMainUpload
testUpload  Time elapsed: 21.011 s  <<< FAILURE!
org.opentest4j.AssertionFailedError: Actual result is not the same as expected ==> expected: <C:\fakepath\imag.png> but was: <C:\fakepath\image.png>
	at demoQA.TestMainUpload.testUpload(TestMainUpload.java:38)

