<?xml version="1.0" encoding="UTF-8"?>
<testsuite xmlns:xsi="http://www.w3.org/2001/XMLSchema-instance" xsi:noNamespaceSchemaLocation="https://maven.apache.org/surefire/maven-surefire-plugin/xsd/surefire-test-report.xsd" name="demoQA.TestMainUpload" time="3.411" tests="1" errors="0" skipped="0" failures="1">
  <properties>
[...]
</properties>
  <testcase name="testUpload" classname="demoQA.TestMainUpload" time="3.403">
    <failure message="Actual result is not the same as expected ==&gt; expected: &lt;Thanks, you have selected /home/edi/IdeaProjects/Maven_Java_Selenium/image.png file to Upload&gt; but was: &lt;C:\fakepath\image.png&gt;" type="org.opentest4j.AssertionFailedError"><![CDATA[org.opentest4j.AssertionFailedError: Actual result is not the same as expected ==> expected: <Thanks, you have selected /home/edi/IdeaProjects/Maven_Java_Selenium/image.png file to Upload> but was: <C:\fakepath\image.png>
	at demoQA.TestMainUpload.testUpload(TestMainUpload.java:25)
]]></failure>
    <system-out><![CDATA[13:21:04,970 |-INFO in ch.qos.logback.classic.LoggerContext[default] - Could NOT find resource [logback-test.xml]
13:21:04,970 |-INFO in ch.qos.logback.classic.LoggerContext[default] - Could NOT find resource [logback.groovy]
13:21:04,971 |-INFO in ch.qos.logback.classic.LoggerContext[default] - Found resource [logback.xml] at [file:/home/edi/IdeaProjects/Maven_Java_Selenium/target/classes/logback.xml]
13:21:05,009 |-INFO in ch.qos.logback.classic.joran.action.ConfigurationAction - debug attribute not set
13:21:05,009 |-INFO in ch.qos.logback.core.joran.action.AppenderAction - About to instantiate appender of type [ch.qos.logback.core.ConsoleAppender]
13:21:05,012 |-INFO in ch.qos.logback.core.joran.action.AppenderAction - Naming appender as [CONSOLE]
13:21:05,057 |-WARN in ch.qos.logback.core.ConsoleAppender[CONSOLE] - This appender no longer admits a layout as a sub-component, set an encoder instead.
13:21:05,057 |-WARN in ch.qos.logback.core.ConsoleAppender[CONSOLE] - To ensure compatibility, wrapping your layout in LayoutWrappingEncoder.
13:21:05,057 |-WARN in ch.qos.logback.core.ConsoleAppender[CONSOLE] - See also http://logback.qos.ch/codes.html#layoutInsteadOfEncoder for details
13:21:05,058 |-INFO in ch.qos.logback.classic.joran.action.LoggerAction - Setting level of logger [orangeHRM] to DEBUG
13:21:05,058 |-INFO in ch.qos.logback.classic.joran.action.LoggerAction - Setting level of logger [demoQA] to DEBUG
13:21:05,058 |-INFO in ch.qos.logback.classic.joran.action.LoggerAction - Setting level of logger [AutomationPractise] to DEBUG
13:21:05,058 |-INFO in ch.qos.logback.classic.joran.action.LoggerAction - Setting level of logger [extensions] to DEBUG
13:21:05,058 |-INFO in ch.qos.logback.classic.joran.action.RootLoggerAction - Setting level of ROOT logger to DEBUG
13:21:05,058 |-INFO in ch.qos.logback.core.joran.action.AppenderRefAction - Attaching appender named [CONSOLE] to Logger[ROOT]
13:21:05,058 |-INFO in ch.qos.logback.classic.joran.action.ConfigurationAction - End of configuration.
13:21:05,059 |-INFO in ch.qos.logback.classic.joran.JoranConfigurator@4009e306 - Registering current configuration as safe fallback point

13:21:05.089 [main] INFO  driverInit.TestBase - Chrome was chosen!
13:21:05.305 [main] DEBUG i.g.b.wdm.cache.ResolutionCache - Resolution chrome=91 in cache (valid until 13:21:40 14/07/2021 CEST)
13:21:05.307 [main] DEBUG i.g.b.wdm.cache.ResolutionCache - Resolution chrome91=91.0.4472.101 in cache (valid until 11:16:08 15/07/2021 CEST)
13:21:05.307 [main] INFO  i.g.bonigarcia.wdm.WebDriverManager - Using chromedriver 91.0.4472.101 (resolved driver for Chrome 91)
13:21:05.314 [main] DEBUG i.g.bonigarcia.wdm.WebDriverManager - Driver chromedriver 91.0.4472.101 found in cache
13:21:05.315 [main] INFO  i.g.bonigarcia.wdm.WebDriverManager - Exporting webdriver.chrome.driver as /home/edi/.cache/selenium/chromedriver/linux64/91.0.4472.101/chromedriver
13:21:08.359 [main] INFO  extensions.TestFailed - ***** Error testUpload() test has failed ******
13:21:08.361 [main] INFO  extensions.TestFailed - Driver on which case test case failed : ChromeDriver: chrome on LINUX (5e5d66b14001de28469c80d606760717)
13:21:08.480 [main] INFO  extensions.DriverQuit - Test failed, test name : demoQA.TestMainUpload@779de014
]]></system-out>
    <system-err><![CDATA[Starting ChromeDriver 91.0.4472.101 (af52a90bf87030dd1523486a1cd3ae25c5d76c9b-refs/branch-heads/4472@{#1462}) on port 13415
Only local connections are allowed.
Please see https://chromedriver.chromium.org/security-considerations for suggestions on keeping ChromeDriver safe.
ChromeDriver was started successfully.
Jul 14, 2021 1:21:05 PM org.openqa.selenium.remote.ProtocolHandshake createSession
INFO: Detected dialect: W3C
]]></system-err>
  </testcase>
</testsuite>