<?xml version="1.0" encoding="UTF-8"?>
<testsuite xmlns:xsi="http://www.w3.org/2001/XMLSchema-instance" xsi:noNamespaceSchemaLocation="https://maven.apache.org/surefire/maven-surefire-plugin/xsd/surefire-test-report.xsd" name="demoQA.TestMainUpload" time="21.051" tests="1" errors="0" skipped="0" failures="1">
  <properties>
[...]
</properties>
  <testcase name="testUpload" classname="demoQA.TestMainUpload" time="21.011">
    <failure message="Actual result is not the same as expected ==&gt; expected: &lt;C:\fakepath\imag.png&gt; but was: &lt;C:\fakepath\image.png&gt;" type="org.opentest4j.AssertionFailedError"><![CDATA[org.opentest4j.AssertionFailedError: Actual result is not the same as expected ==> expected: <C:\fakepath\imag.png> but was: <C:\fakepath\image.png>
	at demoQA.TestMainUpload.testUpload(TestMainUpload.java:38)
]]></failure>
    <system-out><![CDATA[14:33:47.655 [main] INFO  driverInit.TestBase - Initializing the driver....
14:33:47.662 [main] INFO  driverInit.TestBase - ==========================================
14:33:47.662 [main] INFO  driverInit.TestBase - Firefox was chosen!
14:33:48.576 [main] INFO  i.g.bonigarcia.wdm.WebDriverManager - Using geckodriver 0.29.0 (resolved driver for Firefox 90)
14:33:48.599 [main] INFO  i.g.bonigarcia.wdm.WebDriverManager - Exporting webdriver.gecko.driver as /home/edi/.cache/selenium/geckodriver/linux64/0.29.0/geckodriver
14:33:58.681 [main] INFO  demoQApom.BasePage - Visiting page url
14:33:58.682 [main] INFO  demoQApom.BasePage - ==========================================
14:34:01.782 [main] INFO  demoQApom.MainPage - Clicking on Elements Page
14:34:01.782 [main] INFO  demoQApom.MainPage - ==========================================
14:34:02.538 [main] INFO  demoQApom.ElementsPage - Clicking on Upload segment of page
14:34:02.538 [main] INFO  demoQApom.ElementsPage - ==========================================
14:34:02.839 [main] INFO  demoQApom.UploadPage - Uploading a file
14:34:02.840 [main] INFO  demoQApom.UploadPage - ==========================================
14:34:02.985 [main] INFO  demoQApom.UploadPage - Getting the message about the upload
14:34:02.985 [main] INFO  demoQApom.UploadPage - ==========================================
14:34:05.349 [main] INFO  extensions.TestFailed - Assertion Failed : 
 Actual result is not the same as expected ==> expected: <C:\fakepath\imag.png> but was: <C:\fakepath\image.png> 
14:34:05.349 [main] INFO  extensions.TestFailed - ==========================================
14:34:06.712 [main] INFO  extensions.TestFailed - ***** Error testUpload() test has failed ******
14:34:06.713 [main] INFO  extensions.TestFailed - ==========================================
14:34:06.713 [main] INFO  extensions.TestFailed - Driver on which case test case failed : FirefoxDriver: firefox on LINUX (f16a590c-c7e4-4afb-b395-9f12553257f2)
14:34:06.713 [main] INFO  extensions.TestFailed - ==========================================
14:34:08.553 [main] INFO  extensions.DriverQuit - Test failed, test name : demoQA.TestMainUpload@3eb0fd88
14:34:08.553 [main] INFO  extensions.DriverQuit - 
 ###############################################################################################################################
]]></system-out>
    <system-err><![CDATA[1627475628833	geckodriver	INFO	Listening on 127.0.0.1:5260
1627475628992	mozrunner::runner	INFO	Running command: "/usr/lib/firefox/firefox" "--marionette" "-foreground" "-no-remote" "-profile" "/tmp/rust_mozprofilewLOYkg"
1627475631595	Marionette	INFO	Marionette enabled
console.warn: SearchSettings: "get: No settings file exists, new profile?" (new NotFoundError("Could not open the file at /tmp/rust_mozprofilewLOYkg/search.json.mozlz4", (void 0)))
[Parent 33278, Main Thread] WARNING: FileDescriptorSet destroyed with unconsumed descriptors: file /build/firefox-v7rxi3/firefox-90.0+build1/ipc/chromium/src/chrome/common/file_descriptor_set_posix.cc:19
[Parent 33278, Main Thread] WARNING: FileDescriptorSet destroyed with unconsumed descriptors: file /build/firefox-v7rxi3/firefox-90.0+build1/ipc/chromium/src/chrome/common/file_descriptor_set_posix.cc:19
[Parent 33278, Main Thread] WARNING: FileDescriptorSet destroyed with unconsumed descriptors: file /build/firefox-v7rxi3/firefox-90.0+build1/ipc/chromium/src/chrome/common/file_descriptor_set_posix.cc:19
[Parent 33278, Main Thread] WARNING: FileDescriptorSet destroyed with unconsumed descriptors: file /build/firefox-v7rxi3/firefox-90.0+build1/ipc/chromium/src/chrome/common/file_descriptor_set_posix.cc:19
1627475638181	Marionette	INFO	Listening on port 42545
1627475638254	Marionette	WARN	TLS certificate errors will be ignored for this session
Jul 28, 2021 2:33:58 PM org.openqa.selenium.remote.ProtocolHandshake createSession
INFO: Detected dialect: W3C
1627475647107	Marionette	INFO	Stopped listening on port 42545
JavaScript error: , line 0: TypeError: NetworkError when attempting to fetch resource.

###!!! [Parent][RunMessage] Error: Channel closing: too late to send/recv, messages will be lost

]]></system-err>
  </testcase>
</testsuite>